{"F:\\02-proyectos personales\\api_bingo_mongo_v001\\__test__\\bundle.js": {"path":"F:\\02-proyectos personales\\api_bingo_mongo_v001\\__test__\\bundle.js","statementMap":{"0":{"start":{"line":1,"column":22},"end":{"line":1,"column":56}},"1":{"start":{"line":2,"column":23},"end":{"line":2,"column":58}},"2":{"start":{"line":3,"column":24},"end":{"line":3,"column":60}},"3":{"start":{"line":4,"column":30},"end":{"line":4,"column":72}},"4":{"start":{"line":5,"column":26},"end":{"line":5,"column":64}},"5":{"start":{"line":6,"column":21},"end":{"line":6,"column":45}},"6":{"start":{"line":7,"column":20},"end":{"line":7,"column":46}},"7":{"start":{"line":9,"column":0},"end":{"line":15,"column":11}}},"fnMap":{},"branchMap":{},"s":{"0":10,"1":10,"2":10,"3":10,"4":10,"5":10,"6":10,"7":10},"f":{},"b":{},"_coverageSchema":"1a1c01bbd47fc00a2c39e90264f33305004495a9","hash":"0b3c695fc10647207a60e3c7c8b2d8a2bb1d93af"}
,"F:\\02-proyectos personales\\api_bingo_mongo_v001\\src\\app.js": {"path":"F:\\02-proyectos personales\\api_bingo_mongo_v001\\src\\app.js","statementMap":{"0":{"start":{"line":1,"column":16},"end":{"line":1,"column":34}},"1":{"start":{"line":2,"column":23},"end":{"line":2,"column":45}},"2":{"start":{"line":3,"column":19},"end":{"line":3,"column":49}},"3":{"start":{"line":4,"column":20},"end":{"line":4,"column":51}},"4":{"start":{"line":5,"column":21},"end":{"line":5,"column":59}},"5":{"start":{"line":6,"column":19},"end":{"line":6,"column":49}},"6":{"start":{"line":8,"column":12},"end":{"line":8,"column":21}},"7":{"start":{"line":10,"column":0},"end":{"line":10,"column":23}},"8":{"start":{"line":11,"column":0},"end":{"line":11,"column":48}},"9":{"start":{"line":12,"column":0},"end":{"line":12,"column":42}},"10":{"start":{"line":13,"column":0},"end":{"line":13,"column":45}},"11":{"start":{"line":14,"column":0},"end":{"line":14,"column":51}},"12":{"start":{"line":15,"column":0},"end":{"line":15,"column":41}},"13":{"start":{"line":17,"column":0},"end":{"line":17,"column":20}}},"fnMap":{},"branchMap":{},"s":{"0":5,"1":5,"2":5,"3":5,"4":5,"5":5,"6":5,"7":5,"8":5,"9":5,"10":5,"11":5,"12":5,"13":5},"f":{},"b":{},"_coverageSchema":"1a1c01bbd47fc00a2c39e90264f33305004495a9","hash":"6a311cfadce0246dc806a6a3368c058208d3579d"}
,"F:\\02-proyectos personales\\api_bingo_mongo_v001\\src\\database.js": {"path":"F:\\02-proyectos personales\\api_bingo_mongo_v001\\src\\database.js","statementMap":{"0":{"start":{"line":1,"column":17},"end":{"line":1,"column":36}},"1":{"start":{"line":2,"column":35},"end":{"line":2,"column":57}},"2":{"start":{"line":5,"column":16},"end":{"line":23,"column":2}},"3":{"start":{"line":5,"column":22},"end":{"line":23,"column":2}},"4":{"start":{"line":7,"column":4},"end":{"line":7,"column":41}},"5":{"start":{"line":8,"column":4},"end":{"line":8,"column":43}},"6":{"start":{"line":9,"column":4},"end":{"line":9,"column":40}},"7":{"start":{"line":10,"column":4},"end":{"line":10,"column":44}},"8":{"start":{"line":12,"column":4},"end":{"line":14,"column":7}},"9":{"start":{"line":13,"column":8},"end":{"line":13,"column":18}},"10":{"start":{"line":16,"column":4},"end":{"line":22,"column":5}},"11":{"start":{"line":18,"column":8},"end":{"line":18,"column":89}},"12":{"start":{"line":21,"column":8},"end":{"line":21,"column":17}},"13":{"start":{"line":25,"column":0},"end":{"line":25,"column":28}}},"fnMap":{"0":{"name":"(anonymous_0)","decl":{"start":{"line":5,"column":16},"end":{"line":5,"column":17}},"loc":{"start":{"line":5,"column":22},"end":{"line":23,"column":2}},"line":5},"1":{"name":"(anonymous_1)","decl":{"start":{"line":5,"column":34},"end":{"line":5,"column":35}},"loc":{"start":{"line":5,"column":55},"end":{"line":23,"column":1}},"line":5},"2":{"name":"(anonymous_2)","decl":{"start":{"line":12,"column":40},"end":{"line":12,"column":41}},"loc":{"start":{"line":12,"column":46},"end":{"line":14,"column":5}},"line":12}},"branchMap":{},"s":{"0":10,"1":10,"2":10,"3":10,"4":10,"5":10,"6":10,"7":10,"8":10,"9":10,"10":10,"11":10,"12":0,"13":10},"f":{"0":10,"1":10,"2":10},"b":{},"_coverageSchema":"1a1c01bbd47fc00a2c39e90264f33305004495a9","hash":"7f1b37225ef2ba04a89fce842c0720edb778403a"}
,"F:\\02-proyectos personales\\api_bingo_mongo_v001\\src\\envConfig.js": {"path":"F:\\02-proyectos personales\\api_bingo_mongo_v001\\src\\envConfig.js","statementMap":{"0":{"start":{"line":1,"column":0},"end":{"line":9,"column":1}}},"fnMap":{},"branchMap":{},"s":{"0":10},"f":{},"b":{},"_coverageSchema":"1a1c01bbd47fc00a2c39e90264f33305004495a9","hash":"3f32c2874b7676a3358e91ac9f838d1765631f38"}
,"F:\\02-proyectos personales\\api_bingo_mongo_v001\\src\\controller\\demandTicketController.js": {"path":"F:\\02-proyectos personales\\api_bingo_mongo_v001\\src\\controller\\demandTicketController.js","statementMap":{"0":{"start":{"line":1,"column":30},"end":{"line":1,"column":68}},"1":{"start":{"line":2,"column":23},"end":{"line":2,"column":54}},"2":{"start":{"line":3,"column":22},"end":{"line":3,"column":52}},"3":{"start":{"line":4,"column":50},"end":{"line":4,"column":79}},"4":{"start":{"line":6,"column":12},"end":{"line":6,"column":35}},"5":{"start":{"line":7,"column":19},"end":{"line":7,"column":42}},"6":{"start":{"line":21,"column":4},"end":{"line":42,"column":5}},"7":{"start":{"line":22,"column":32},"end":{"line":22,"column":64}},"8":{"start":{"line":23,"column":8},"end":{"line":38,"column":9}},"9":{"start":{"line":24,"column":25},"end":{"line":30,"column":14}},"10":{"start":{"line":32,"column":12},"end":{"line":32,"column":31}},"11":{"start":{"line":34,"column":12},"end":{"line":34,"column":25}},"12":{"start":{"line":37,"column":12},"end":{"line":37,"column":40}},"13":{"start":{"line":41,"column":8},"end":{"line":41,"column":16}},"14":{"start":{"line":55,"column":4},"end":{"line":82,"column":5}},"15":{"start":{"line":56,"column":25},"end":{"line":56,"column":67}},"16":{"start":{"line":57,"column":20},"end":{"line":57,"column":63}},"17":{"start":{"line":59,"column":8},"end":{"line":79,"column":9}},"18":{"start":{"line":60,"column":32},"end":{"line":60,"column":34}},"19":{"start":{"line":61,"column":12},"end":{"line":73,"column":13}},"20":{"start":{"line":62,"column":16},"end":{"line":65,"column":17}},"21":{"start":{"line":62,"column":29},"end":{"line":62,"column":30}},"22":{"start":{"line":63,"column":30},"end":{"line":63,"column":89}},"23":{"start":{"line":64,"column":20},"end":{"line":64,"column":43}},"24":{"start":{"line":66,"column":19},"end":{"line":73,"column":13}},"25":{"start":{"line":67,"column":16},"end":{"line":70,"column":17}},"26":{"start":{"line":67,"column":29},"end":{"line":67,"column":30}},"27":{"start":{"line":68,"column":30},"end":{"line":68,"column":88}},"28":{"start":{"line":69,"column":20},"end":{"line":69,"column":43}},"29":{"start":{"line":72,"column":16},"end":{"line":72,"column":50}},"30":{"start":{"line":74,"column":12},"end":{"line":74,"column":63}},"31":{"start":{"line":75,"column":12},"end":{"line":75,"column":32}},"32":{"start":{"line":78,"column":12},"end":{"line":78,"column":40}},"33":{"start":{"line":81,"column":8},"end":{"line":81,"column":16}},"34":{"start":{"line":94,"column":4},"end":{"line":105,"column":5}},"35":{"start":{"line":95,"column":21},"end":{"line":95,"column":52}},"36":{"start":{"line":96,"column":19},"end":{"line":96,"column":54}},"37":{"start":{"line":97,"column":21},"end":{"line":97,"column":63}},"38":{"start":{"line":98,"column":23},"end":{"line":98,"column":62}},"39":{"start":{"line":99,"column":8},"end":{"line":102,"column":9}},"40":{"start":{"line":100,"column":12},"end":{"line":100,"column":63}},"41":{"start":{"line":101,"column":12},"end":{"line":101,"column":28}},"42":{"start":{"line":104,"column":8},"end":{"line":104,"column":16}},"43":{"start":{"line":116,"column":4},"end":{"line":130,"column":5}},"44":{"start":{"line":117,"column":25},"end":{"line":117,"column":56}},"45":{"start":{"line":118,"column":19},"end":{"line":118,"column":58}},"46":{"start":{"line":120,"column":24},"end":{"line":120,"column":67}},"47":{"start":{"line":121,"column":22},"end":{"line":121,"column":24}},"48":{"start":{"line":122,"column":8},"end":{"line":125,"column":9}},"49":{"start":{"line":123,"column":22},"end":{"line":123,"column":79}},"50":{"start":{"line":124,"column":12},"end":{"line":124,"column":29}},"51":{"start":{"line":126,"column":8},"end":{"line":126,"column":22}},"52":{"start":{"line":128,"column":8},"end":{"line":128,"column":16}},"53":{"start":{"line":133,"column":0},"end":{"line":133,"column":84}}},"fnMap":{"0":{"name":"newDemandTickets","decl":{"start":{"line":20,"column":15},"end":{"line":20,"column":31}},"loc":{"start":{"line":20,"column":73},"end":{"line":43,"column":1}},"line":20},"1":{"name":"acceptDemand","decl":{"start":{"line":53,"column":15},"end":{"line":53,"column":27}},"loc":{"start":{"line":53,"column":49},"end":{"line":83,"column":1}},"line":53},"2":{"name":"rejectDemand","decl":{"start":{"line":93,"column":15},"end":{"line":93,"column":27}},"loc":{"start":{"line":93,"column":45},"end":{"line":106,"column":1}},"line":93},"3":{"name":"demandOfMyMatches","decl":{"start":{"line":115,"column":15},"end":{"line":115,"column":32}},"loc":{"start":{"line":115,"column":40},"end":{"line":131,"column":1}},"line":115}},"branchMap":{"0":{"loc":{"start":{"line":23,"column":8},"end":{"line":38,"column":9}},"type":"if","locations":[{"start":{"line":23,"column":8},"end":{"line":38,"column":9}},{"start":{"line":23,"column":8},"end":{"line":38,"column":9}}],"line":23},"1":{"loc":{"start":{"line":23,"column":12},"end":{"line":23,"column":42}},"type":"binary-expr","locations":[{"start":{"line":23,"column":12},"end":{"line":23,"column":16}},{"start":{"line":23,"column":20},"end":{"line":23,"column":25}},{"start":{"line":23,"column":29},"end":{"line":23,"column":42}}],"line":23},"2":{"loc":{"start":{"line":59,"column":8},"end":{"line":79,"column":9}},"type":"if","locations":[{"start":{"line":59,"column":8},"end":{"line":79,"column":9}},{"start":{"line":59,"column":8},"end":{"line":79,"column":9}}],"line":59},"3":{"loc":{"start":{"line":61,"column":12},"end":{"line":73,"column":13}},"type":"if","locations":[{"start":{"line":61,"column":12},"end":{"line":73,"column":13}},{"start":{"line":61,"column":12},"end":{"line":73,"column":13}}],"line":61},"4":{"loc":{"start":{"line":66,"column":19},"end":{"line":73,"column":13}},"type":"if","locations":[{"start":{"line":66,"column":19},"end":{"line":73,"column":13}},{"start":{"line":66,"column":19},"end":{"line":73,"column":13}}],"line":66},"5":{"loc":{"start":{"line":99,"column":8},"end":{"line":102,"column":9}},"type":"if","locations":[{"start":{"line":99,"column":8},"end":{"line":102,"column":9}},{"start":{"line":99,"column":8},"end":{"line":102,"column":9}}],"line":99}},"s":{"0":6,"1":6,"2":6,"3":6,"4":6,"5":6,"6":14,"7":14,"8":14,"9":14,"10":14,"11":14,"12":0,"13":0,"14":3,"15":3,"16":3,"17":3,"18":3,"19":3,"20":2,"21":2,"22":4,"23":4,"24":1,"25":1,"26":1,"27":1,"28":1,"29":0,"30":3,"31":3,"32":0,"33":0,"34":2,"35":2,"36":2,"37":2,"38":2,"39":2,"40":2,"41":2,"42":0,"43":3,"44":3,"45":3,"46":3,"47":3,"48":3,"49":4,"50":4,"51":3,"52":0,"53":6},"f":{"0":14,"1":3,"2":2,"3":3},"b":{"0":[14,0],"1":[14,14,14],"2":[3,0],"3":[2,1],"4":[1,0],"5":[2,0]},"_coverageSchema":"1a1c01bbd47fc00a2c39e90264f33305004495a9","hash":"93b011276352aeaea3bad90dca4d73221c3b6d91"}
,"F:\\02-proyectos personales\\api_bingo_mongo_v001\\src\\controller\\matchController.js": {"path":"F:\\02-proyectos personales\\api_bingo_mongo_v001\\src\\controller\\matchController.js","statementMap":{"0":{"start":{"line":1,"column":23},"end":{"line":1,"column":54}},"1":{"start":{"line":2,"column":22},"end":{"line":2,"column":52}},"2":{"start":{"line":3,"column":24},"end":{"line":3,"column":56}},"3":{"start":{"line":4,"column":50},"end":{"line":4,"column":79}},"4":{"start":{"line":5,"column":12},"end":{"line":5,"column":35}},"5":{"start":{"line":6,"column":19},"end":{"line":6,"column":42}},"6":{"start":{"line":19,"column":4},"end":{"line":39,"column":5}},"7":{"start":{"line":21,"column":21},"end":{"line":21,"column":52}},"8":{"start":{"line":22,"column":19},"end":{"line":22,"column":54}},"9":{"start":{"line":24,"column":8},"end":{"line":24,"column":50}},"10":{"start":{"line":24,"column":19},"end":{"line":24,"column":50}},"11":{"start":{"line":26,"column":20},"end":{"line":30,"column":10}},"12":{"start":{"line":32,"column":8},"end":{"line":32,"column":26}},"13":{"start":{"line":34,"column":8},"end":{"line":34,"column":20}},"14":{"start":{"line":38,"column":8},"end":{"line":38,"column":16}},"15":{"start":{"line":52,"column":4},"end":{"line":71,"column":5}},"16":{"start":{"line":53,"column":20},"end":{"line":53,"column":39}},"17":{"start":{"line":55,"column":8},"end":{"line":55,"column":77}},"18":{"start":{"line":55,"column":34},"end":{"line":55,"column":77}},"19":{"start":{"line":57,"column":21},"end":{"line":57,"column":52}},"20":{"start":{"line":58,"column":19},"end":{"line":58,"column":54}},"21":{"start":{"line":59,"column":20},"end":{"line":59,"column":54}},"22":{"start":{"line":61,"column":8},"end":{"line":61,"column":54}},"23":{"start":{"line":61,"column":20},"end":{"line":61,"column":54}},"24":{"start":{"line":63,"column":36},"end":{"line":63,"column":77}},"25":{"start":{"line":64,"column":35},"end":{"line":64,"column":73}},"26":{"start":{"line":65,"column":8},"end":{"line":65,"column":45}},"27":{"start":{"line":67,"column":8},"end":{"line":67,"column":79}},"28":{"start":{"line":70,"column":8},"end":{"line":70,"column":16}},"29":{"start":{"line":82,"column":4},"end":{"line":94,"column":5}},"30":{"start":{"line":83,"column":21},"end":{"line":83,"column":52}},"31":{"start":{"line":84,"column":19},"end":{"line":84,"column":54}},"32":{"start":{"line":85,"column":22},"end":{"line":85,"column":73}},"33":{"start":{"line":87,"column":8},"end":{"line":91,"column":9}},"34":{"start":{"line":88,"column":12},"end":{"line":88,"column":55}},"35":{"start":{"line":90,"column":12},"end":{"line":90,"column":43}},"36":{"start":{"line":93,"column":8},"end":{"line":93,"column":16}},"37":{"start":{"line":105,"column":4},"end":{"line":116,"column":5}},"38":{"start":{"line":106,"column":21},"end":{"line":106,"column":52}},"39":{"start":{"line":107,"column":19},"end":{"line":107,"column":54}},"40":{"start":{"line":109,"column":8},"end":{"line":109,"column":50}},"41":{"start":{"line":109,"column":19},"end":{"line":109,"column":50}},"42":{"start":{"line":111,"column":22},"end":{"line":111,"column":62}},"43":{"start":{"line":113,"column":8},"end":{"line":113,"column":22}},"44":{"start":{"line":115,"column":8},"end":{"line":115,"column":16}},"45":{"start":{"line":127,"column":4},"end":{"line":154,"column":5}},"46":{"start":{"line":128,"column":23},"end":{"line":128,"column":54}},"47":{"start":{"line":129,"column":21},"end":{"line":129,"column":56}},"48":{"start":{"line":131,"column":8},"end":{"line":131,"column":54}},"49":{"start":{"line":131,"column":19},"end":{"line":131,"column":54}},"50":{"start":{"line":133,"column":24},"end":{"line":133,"column":68}},"51":{"start":{"line":135,"column":26},"end":{"line":135,"column":28}},"52":{"start":{"line":137,"column":8},"end":{"line":142,"column":9}},"53":{"start":{"line":137,"column":21},"end":{"line":137,"column":22}},"54":{"start":{"line":139,"column":12},"end":{"line":141,"column":13}},"55":{"start":{"line":140,"column":16},"end":{"line":140,"column":48}},"56":{"start":{"line":144,"column":22},"end":{"line":144,"column":24}},"57":{"start":{"line":145,"column":8},"end":{"line":148,"column":9}},"58":{"start":{"line":145,"column":21},"end":{"line":145,"column":22}},"59":{"start":{"line":146,"column":22},"end":{"line":146,"column":70}},"60":{"start":{"line":147,"column":12},"end":{"line":147,"column":29}},"61":{"start":{"line":150,"column":8},"end":{"line":150,"column":22}},"62":{"start":{"line":153,"column":8},"end":{"line":153,"column":16}},"63":{"start":{"line":157,"column":0},"end":{"line":157,"column":86}}},"fnMap":{"0":{"name":"createMatch","decl":{"start":{"line":17,"column":15},"end":{"line":17,"column":26}},"loc":{"start":{"line":17,"column":52},"end":{"line":40,"column":1}},"line":17},"1":{"name":"getMatch","decl":{"start":{"line":50,"column":15},"end":{"line":50,"column":23}},"loc":{"start":{"line":50,"column":40},"end":{"line":72,"column":1}},"line":50},"2":{"name":"myMatches","decl":{"start":{"line":81,"column":15},"end":{"line":81,"column":24}},"loc":{"start":{"line":81,"column":32},"end":{"line":95,"column":1}},"line":81},"3":{"name":"getAllMatches","decl":{"start":{"line":104,"column":15},"end":{"line":104,"column":28}},"loc":{"start":{"line":104,"column":36},"end":{"line":117,"column":1}},"line":104},"4":{"name":"matchesThatIPlay","decl":{"start":{"line":126,"column":15},"end":{"line":126,"column":31}},"loc":{"start":{"line":126,"column":39},"end":{"line":155,"column":1}},"line":126}},"branchMap":{"0":{"loc":{"start":{"line":24,"column":8},"end":{"line":24,"column":50}},"type":"if","locations":[{"start":{"line":24,"column":8},"end":{"line":24,"column":50}},{"start":{"line":24,"column":8},"end":{"line":24,"column":50}}],"line":24},"1":{"loc":{"start":{"line":55,"column":8},"end":{"line":55,"column":77}},"type":"if","locations":[{"start":{"line":55,"column":8},"end":{"line":55,"column":77}},{"start":{"line":55,"column":8},"end":{"line":55,"column":77}}],"line":55},"2":{"loc":{"start":{"line":61,"column":8},"end":{"line":61,"column":54}},"type":"if","locations":[{"start":{"line":61,"column":8},"end":{"line":61,"column":54}},{"start":{"line":61,"column":8},"end":{"line":61,"column":54}}],"line":61},"3":{"loc":{"start":{"line":87,"column":8},"end":{"line":91,"column":9}},"type":"if","locations":[{"start":{"line":87,"column":8},"end":{"line":91,"column":9}},{"start":{"line":87,"column":8},"end":{"line":91,"column":9}}],"line":87},"4":{"loc":{"start":{"line":87,"column":12},"end":{"line":87,"column":27}},"type":"binary-expr","locations":[{"start":{"line":87,"column":12},"end":{"line":87,"column":16}},{"start":{"line":87,"column":20},"end":{"line":87,"column":27}}],"line":87},"5":{"loc":{"start":{"line":109,"column":8},"end":{"line":109,"column":50}},"type":"if","locations":[{"start":{"line":109,"column":8},"end":{"line":109,"column":50}},{"start":{"line":109,"column":8},"end":{"line":109,"column":50}}],"line":109},"6":{"loc":{"start":{"line":131,"column":8},"end":{"line":131,"column":54}},"type":"if","locations":[{"start":{"line":131,"column":8},"end":{"line":131,"column":54}},{"start":{"line":131,"column":8},"end":{"line":131,"column":54}}],"line":131},"7":{"loc":{"start":{"line":139,"column":12},"end":{"line":141,"column":13}},"type":"if","locations":[{"start":{"line":139,"column":12},"end":{"line":141,"column":13}},{"start":{"line":139,"column":12},"end":{"line":141,"column":13}}],"line":139}},"s":{"0":9,"1":9,"2":9,"3":9,"4":9,"5":9,"6":43,"7":43,"8":42,"9":42,"10":0,"11":42,"12":42,"13":42,"14":1,"15":3,"16":3,"17":3,"18":1,"19":2,"20":2,"21":2,"22":2,"23":0,"24":2,"25":2,"26":2,"27":2,"28":1,"29":4,"30":4,"31":3,"32":3,"33":3,"34":3,"35":0,"36":1,"37":3,"38":3,"39":3,"40":3,"41":0,"42":3,"43":3,"44":0,"45":3,"46":3,"47":3,"48":3,"49":0,"50":3,"51":3,"52":3,"53":3,"54":24,"55":4,"56":3,"57":3,"58":3,"59":4,"60":4,"61":3,"62":0,"63":9},"f":{"0":43,"1":3,"2":4,"3":3,"4":3},"b":{"0":[0,42],"1":[1,2],"2":[0,2],"3":[3,0],"4":[3,3],"5":[0,3],"6":[0,3],"7":[4,20]},"_coverageSchema":"1a1c01bbd47fc00a2c39e90264f33305004495a9","hash":"6f02fab6bff02ef0911285166d126121c935bcea"}
,"F:\\02-proyectos personales\\api_bingo_mongo_v001\\src\\controller\\playGameController.js": {"path":"F:\\02-proyectos personales\\api_bingo_mongo_v001\\src\\controller\\playGameController.js","statementMap":{"0":{"start":{"line":1,"column":30},"end":{"line":1,"column":68}},"1":{"start":{"line":2,"column":23},"end":{"line":2,"column":54}},"2":{"start":{"line":3,"column":22},"end":{"line":3,"column":52}},"3":{"start":{"line":4,"column":24},"end":{"line":4,"column":56}},"4":{"start":{"line":5,"column":26},"end":{"line":5,"column":60}},"5":{"start":{"line":6,"column":29},"end":{"line":6,"column":57}},"6":{"start":{"line":9,"column":12},"end":{"line":9,"column":35}},"7":{"start":{"line":10,"column":19},"end":{"line":10,"column":42}},"8":{"start":{"line":21,"column":4},"end":{"line":115,"column":5}},"9":{"start":{"line":22,"column":23},"end":{"line":22,"column":54}},"10":{"start":{"line":23,"column":21},"end":{"line":23,"column":56}},"11":{"start":{"line":24,"column":22},"end":{"line":24,"column":56}},"12":{"start":{"line":27,"column":8},"end":{"line":33,"column":9}},"13":{"start":{"line":28,"column":12},"end":{"line":28,"column":47}},"14":{"start":{"line":29,"column":15},"end":{"line":33,"column":9}},"15":{"start":{"line":30,"column":12},"end":{"line":30,"column":43}},"16":{"start":{"line":31,"column":15},"end":{"line":33,"column":9}},"17":{"start":{"line":32,"column":12},"end":{"line":32,"column":40}},"18":{"start":{"line":35,"column":24},"end":{"line":35,"column":74}},"19":{"start":{"line":36,"column":29},"end":{"line":36,"column":73}},"20":{"start":{"line":39,"column":8},"end":{"line":41,"column":9}},"21":{"start":{"line":40,"column":12},"end":{"line":40,"column":46}},"22":{"start":{"line":43,"column":25},"end":{"line":45,"column":10}},"23":{"start":{"line":48,"column":8},"end":{"line":54,"column":9}},"24":{"start":{"line":48,"column":21},"end":{"line":48,"column":22}},"25":{"start":{"line":49,"column":12},"end":{"line":53,"column":13}},"26":{"start":{"line":55,"column":19},"end":{"line":55,"column":24}},"27":{"start":{"line":56,"column":22},"end":{"line":56,"column":24}},"28":{"start":{"line":57,"column":28},"end":{"line":57,"column":30}},"29":{"start":{"line":59,"column":8},"end":{"line":61,"column":9}},"30":{"start":{"line":59,"column":21},"end":{"line":59,"column":22}},"31":{"start":{"line":60,"column":12},"end":{"line":60,"column":27}},"32":{"start":{"line":64,"column":12},"end":{"line":64,"column":64}},"33":{"start":{"line":67,"column":8},"end":{"line":101,"column":9}},"34":{"start":{"line":67,"column":30},"end":{"line":67,"column":31}},"35":{"start":{"line":68,"column":24},"end":{"line":68,"column":52}},"36":{"start":{"line":69,"column":12},"end":{"line":69,"column":46}},"37":{"start":{"line":71,"column":12},"end":{"line":93,"column":13}},"38":{"start":{"line":71,"column":25},"end":{"line":71,"column":26}},"39":{"start":{"line":72,"column":16},"end":{"line":91,"column":17}},"40":{"start":{"line":72,"column":32},"end":{"line":72,"column":33}},"41":{"start":{"line":73,"column":20},"end":{"line":90,"column":21}},"42":{"start":{"line":74,"column":24},"end":{"line":74,"column":58}},"43":{"start":{"line":77,"column":24},"end":{"line":82,"column":25}},"44":{"start":{"line":79,"column":28},"end":{"line":79,"column":71}},"45":{"start":{"line":80,"column":28},"end":{"line":80,"column":67}},"46":{"start":{"line":81,"column":28},"end":{"line":81,"column":109}},"47":{"start":{"line":85,"column":24},"end":{"line":89,"column":25}},"48":{"start":{"line":86,"column":28},"end":{"line":86,"column":73}},"49":{"start":{"line":87,"column":28},"end":{"line":87,"column":113}},"50":{"start":{"line":88,"column":28},"end":{"line":88,"column":39}},"51":{"start":{"line":95,"column":12},"end":{"line":95,"column":36}},"52":{"start":{"line":97,"column":12},"end":{"line":100,"column":13}},"53":{"start":{"line":98,"column":16},"end":{"line":98,"column":54}},"54":{"start":{"line":99,"column":16},"end":{"line":99,"column":21}},"55":{"start":{"line":103,"column":8},"end":{"line":103,"column":46}},"56":{"start":{"line":105,"column":8},"end":{"line":105,"column":29}},"57":{"start":{"line":107,"column":8},"end":{"line":107,"column":27}},"58":{"start":{"line":109,"column":8},"end":{"line":109,"column":26}},"59":{"start":{"line":111,"column":8},"end":{"line":111,"column":23}},"60":{"start":{"line":114,"column":8},"end":{"line":114,"column":16}},"61":{"start":{"line":128,"column":4},"end":{"line":172,"column":5}},"62":{"start":{"line":129,"column":23},"end":{"line":129,"column":54}},"63":{"start":{"line":131,"column":22},"end":{"line":131,"column":51}},"64":{"start":{"line":133,"column":24},"end":{"line":133,"column":26}},"65":{"start":{"line":135,"column":8},"end":{"line":140,"column":9}},"66":{"start":{"line":135,"column":21},"end":{"line":135,"column":22}},"67":{"start":{"line":136,"column":24},"end":{"line":136,"column":78}},"68":{"start":{"line":137,"column":12},"end":{"line":139,"column":13}},"69":{"start":{"line":138,"column":16},"end":{"line":138,"column":37}},"70":{"start":{"line":143,"column":25},"end":{"line":143,"column":27}},"71":{"start":{"line":144,"column":27},"end":{"line":144,"column":29}},"72":{"start":{"line":146,"column":8},"end":{"line":161,"column":9}},"73":{"start":{"line":146,"column":21},"end":{"line":146,"column":22}},"74":{"start":{"line":148,"column":12},"end":{"line":153,"column":13}},"75":{"start":{"line":148,"column":25},"end":{"line":148,"column":26}},"76":{"start":{"line":150,"column":16},"end":{"line":152,"column":17}},"77":{"start":{"line":151,"column":20},"end":{"line":151,"column":65}},"78":{"start":{"line":155,"column":12},"end":{"line":160,"column":13}},"79":{"start":{"line":155,"column":25},"end":{"line":155,"column":26}},"80":{"start":{"line":157,"column":16},"end":{"line":159,"column":17}},"81":{"start":{"line":158,"column":20},"end":{"line":158,"column":69}},"82":{"start":{"line":163,"column":21},"end":{"line":166,"column":9}},"83":{"start":{"line":168,"column":8},"end":{"line":168,"column":21}},"84":{"start":{"line":171,"column":8},"end":{"line":171,"column":16}},"85":{"start":{"line":175,"column":0},"end":{"line":175,"column":43}}},"fnMap":{"0":{"name":"runPlayGame","decl":{"start":{"line":20,"column":15},"end":{"line":20,"column":26}},"loc":{"start":{"line":20,"column":43},"end":{"line":117,"column":1}},"line":20},"1":{"name":"randomInt","decl":{"start":{"line":63,"column":17},"end":{"line":63,"column":26}},"loc":{"start":{"line":63,"column":37},"end":{"line":65,"column":9}},"line":63},"2":{"name":"myVictory","decl":{"start":{"line":127,"column":15},"end":{"line":127,"column":24}},"loc":{"start":{"line":127,"column":32},"end":{"line":173,"column":1}},"line":127}},"branchMap":{"0":{"loc":{"start":{"line":27,"column":8},"end":{"line":33,"column":9}},"type":"if","locations":[{"start":{"line":27,"column":8},"end":{"line":33,"column":9}},{"start":{"line":27,"column":8},"end":{"line":33,"column":9}}],"line":27},"1":{"loc":{"start":{"line":27,"column":12},"end":{"line":27,"column":27}},"type":"binary-expr","locations":[{"start":{"line":27,"column":12},"end":{"line":27,"column":17}},{"start":{"line":27,"column":21},"end":{"line":27,"column":27}}],"line":27},"2":{"loc":{"start":{"line":29,"column":15},"end":{"line":33,"column":9}},"type":"if","locations":[{"start":{"line":29,"column":15},"end":{"line":33,"column":9}},{"start":{"line":29,"column":15},"end":{"line":33,"column":9}}],"line":29},"3":{"loc":{"start":{"line":31,"column":15},"end":{"line":33,"column":9}},"type":"if","locations":[{"start":{"line":31,"column":15},"end":{"line":33,"column":9}},{"start":{"line":31,"column":15},"end":{"line":33,"column":9}}],"line":31},"4":{"loc":{"start":{"line":39,"column":8},"end":{"line":41,"column":9}},"type":"if","locations":[{"start":{"line":39,"column":8},"end":{"line":41,"column":9}},{"start":{"line":39,"column":8},"end":{"line":41,"column":9}}],"line":39},"5":{"loc":{"start":{"line":73,"column":20},"end":{"line":90,"column":21}},"type":"if","locations":[{"start":{"line":73,"column":20},"end":{"line":90,"column":21}},{"start":{"line":73,"column":20},"end":{"line":90,"column":21}}],"line":73},"6":{"loc":{"start":{"line":73,"column":24},"end":{"line":73,"column":120}},"type":"binary-expr","locations":[{"start":{"line":73,"column":24},"end":{"line":73,"column":62}},{"start":{"line":73,"column":66},"end":{"line":73,"column":120}}],"line":73},"7":{"loc":{"start":{"line":77,"column":24},"end":{"line":82,"column":25}},"type":"if","locations":[{"start":{"line":77,"column":24},"end":{"line":82,"column":25}},{"start":{"line":77,"column":24},"end":{"line":82,"column":25}}],"line":77},"8":{"loc":{"start":{"line":77,"column":28},"end":{"line":77,"column":142}},"type":"binary-expr","locations":[{"start":{"line":77,"column":29},"end":{"line":77,"column":54}},{"start":{"line":77,"column":58},"end":{"line":77,"column":98}},{"start":{"line":77,"column":103},"end":{"line":77,"column":142}}],"line":77},"9":{"loc":{"start":{"line":85,"column":24},"end":{"line":89,"column":25}},"type":"if","locations":[{"start":{"line":85,"column":24},"end":{"line":89,"column":25}},{"start":{"line":85,"column":24},"end":{"line":89,"column":25}}],"line":85},"10":{"loc":{"start":{"line":85,"column":28},"end":{"line":85,"column":141}},"type":"binary-expr","locations":[{"start":{"line":85,"column":28},"end":{"line":85,"column":63}},{"start":{"line":85,"column":67},"end":{"line":85,"column":102}},{"start":{"line":85,"column":106},"end":{"line":85,"column":141}}],"line":85},"11":{"loc":{"start":{"line":97,"column":12},"end":{"line":100,"column":13}},"type":"if","locations":[{"start":{"line":97,"column":12},"end":{"line":100,"column":13}},{"start":{"line":97,"column":12},"end":{"line":100,"column":13}}],"line":97},"12":{"loc":{"start":{"line":137,"column":12},"end":{"line":139,"column":13}},"type":"if","locations":[{"start":{"line":137,"column":12},"end":{"line":139,"column":13}},{"start":{"line":137,"column":12},"end":{"line":139,"column":13}}],"line":137},"13":{"loc":{"start":{"line":150,"column":16},"end":{"line":152,"column":17}},"type":"if","locations":[{"start":{"line":150,"column":16},"end":{"line":152,"column":17}},{"start":{"line":150,"column":16},"end":{"line":152,"column":17}}],"line":150},"14":{"loc":{"start":{"line":157,"column":16},"end":{"line":159,"column":17}},"type":"if","locations":[{"start":{"line":157,"column":16},"end":{"line":159,"column":17}},{"start":{"line":157,"column":16},"end":{"line":159,"column":17}}],"line":157}},"s":{"0":6,"1":6,"2":6,"3":6,"4":6,"5":6,"6":6,"7":6,"8":4,"9":4,"10":4,"11":4,"12":4,"13":0,"14":4,"15":0,"16":4,"17":0,"18":4,"19":4,"20":4,"21":0,"22":4,"23":4,"24":4,"25":651,"26":4,"27":4,"28":4,"29":4,"30":4,"31":360,"32":287,"33":4,"34":4,"35":287,"36":287,"37":287,"38":287,"39":41997,"40":41997,"41":125991,"42":6985,"43":6985,"44":4,"45":4,"46":4,"47":6985,"48":4,"49":4,"50":4,"51":287,"52":287,"53":4,"54":4,"55":4,"56":4,"57":4,"58":4,"59":4,"60":0,"61":1,"62":1,"63":1,"64":1,"65":1,"66":1,"67":2,"68":2,"69":2,"70":1,"71":1,"72":1,"73":1,"74":2,"75":2,"76":2,"77":2,"78":2,"79":2,"80":2,"81":2,"82":1,"83":1,"84":0,"85":6},"f":{"0":4,"1":287,"2":1},"b":{"0":[0,4],"1":[4,4],"2":[0,4],"3":[0,4],"4":[0,4],"5":[6985,119006],"6":[125991,122549],"7":[4,6981],"8":[6985,4244,2784],"9":[4,6981],"10":[6985,250,24],"11":[4,283],"12":[2,0],"13":[2,0],"14":[2,0]},"_coverageSchema":"1a1c01bbd47fc00a2c39e90264f33305004495a9","hash":"2d8b42ddc5bb1072684bf999dcd8c8e6809bb6ad"}
,"F:\\02-proyectos personales\\api_bingo_mongo_v001\\src\\controller\\ticketController.js": {"path":"F:\\02-proyectos personales\\api_bingo_mongo_v001\\src\\controller\\ticketController.js","statementMap":{"0":{"start":{"line":1,"column":24},"end":{"line":1,"column":56}},"1":{"start":{"line":2,"column":23},"end":{"line":2,"column":54}},"2":{"start":{"line":3,"column":22},"end":{"line":3,"column":52}},"3":{"start":{"line":5,"column":12},"end":{"line":5,"column":35}},"4":{"start":{"line":6,"column":19},"end":{"line":6,"column":42}},"5":{"start":{"line":18,"column":21},"end":{"line":18,"column":52}},"6":{"start":{"line":19,"column":15},"end":{"line":19,"column":54}},"7":{"start":{"line":20,"column":16},"end":{"line":20,"column":50}},"8":{"start":{"line":22,"column":4},"end":{"line":26,"column":5}},"9":{"start":{"line":23,"column":8},"end":{"line":23,"column":51}},"10":{"start":{"line":25,"column":8},"end":{"line":25,"column":21}},"11":{"start":{"line":28,"column":4},"end":{"line":28,"column":34}},"12":{"start":{"line":41,"column":4},"end":{"line":58,"column":5}},"13":{"start":{"line":42,"column":40},"end":{"line":42,"column":86}},"14":{"start":{"line":44,"column":8},"end":{"line":55,"column":9}},"15":{"start":{"line":45,"column":27},"end":{"line":48,"column":14}},"16":{"start":{"line":49,"column":12},"end":{"line":49,"column":51}},"17":{"start":{"line":50,"column":12},"end":{"line":50,"column":31}},"18":{"start":{"line":52,"column":12},"end":{"line":52,"column":25}},"19":{"start":{"line":54,"column":12},"end":{"line":54,"column":43}},"20":{"start":{"line":57,"column":8},"end":{"line":57,"column":16}},"21":{"start":{"line":72,"column":4},"end":{"line":104,"column":5}},"22":{"start":{"line":73,"column":40},"end":{"line":73,"column":86}},"23":{"start":{"line":74,"column":8},"end":{"line":101,"column":9}},"24":{"start":{"line":75,"column":30},"end":{"line":78,"column":14}},"25":{"start":{"line":79,"column":24},"end":{"line":79,"column":26}},"26":{"start":{"line":81,"column":27},"end":{"line":81,"column":59}},"27":{"start":{"line":83,"column":12},"end":{"line":97,"column":13}},"28":{"start":{"line":85,"column":31},"end":{"line":90,"column":18}},"29":{"start":{"line":92,"column":16},"end":{"line":92,"column":44}},"30":{"start":{"line":94,"column":16},"end":{"line":94,"column":35}},"31":{"start":{"line":96,"column":16},"end":{"line":96,"column":34}},"32":{"start":{"line":98,"column":12},"end":{"line":98,"column":24}},"33":{"start":{"line":100,"column":12},"end":{"line":100,"column":43}},"34":{"start":{"line":103,"column":8},"end":{"line":103,"column":16}},"35":{"start":{"line":116,"column":4},"end":{"line":128,"column":5}},"36":{"start":{"line":117,"column":32},"end":{"line":117,"column":68}},"37":{"start":{"line":118,"column":8},"end":{"line":124,"column":9}},"38":{"start":{"line":119,"column":26},"end":{"line":119,"column":70}},"39":{"start":{"line":121,"column":12},"end":{"line":121,"column":26}},"40":{"start":{"line":123,"column":12},"end":{"line":123,"column":43}},"41":{"start":{"line":127,"column":8},"end":{"line":127,"column":16}},"42":{"start":{"line":139,"column":4},"end":{"line":148,"column":5}},"43":{"start":{"line":140,"column":21},"end":{"line":140,"column":52}},"44":{"start":{"line":142,"column":24},"end":{"line":142,"column":69}},"45":{"start":{"line":144,"column":8},"end":{"line":144,"column":24}},"46":{"start":{"line":147,"column":8},"end":{"line":147,"column":16}},"47":{"start":{"line":160,"column":4},"end":{"line":169,"column":5}},"48":{"start":{"line":161,"column":32},"end":{"line":161,"column":64}},"49":{"start":{"line":163,"column":31},"end":{"line":163,"column":93}},"50":{"start":{"line":165,"column":8},"end":{"line":165,"column":31}},"51":{"start":{"line":168,"column":8},"end":{"line":168,"column":16}},"52":{"start":{"line":172,"column":0},"end":{"line":172,"column":114}}},"fnMap":{"0":{"name":"loadModels","decl":{"start":{"line":17,"column":15},"end":{"line":17,"column":25}},"loc":{"start":{"line":17,"column":56},"end":{"line":29,"column":1}},"line":17},"1":{"name":"createTicket","decl":{"start":{"line":40,"column":15},"end":{"line":40,"column":27}},"loc":{"start":{"line":40,"column":58},"end":{"line":60,"column":1}},"line":40},"2":{"name":"createSerie","decl":{"start":{"line":71,"column":15},"end":{"line":71,"column":26}},"loc":{"start":{"line":71,"column":57},"end":{"line":105,"column":1}},"line":71},"3":{"name":"getAllTicketOfMatch","decl":{"start":{"line":115,"column":15},"end":{"line":115,"column":34}},"loc":{"start":{"line":115,"column":55},"end":{"line":129,"column":1}},"line":115},"4":{"name":"getAllMyTickets","decl":{"start":{"line":138,"column":15},"end":{"line":138,"column":30}},"loc":{"start":{"line":138,"column":38},"end":{"line":149,"column":1}},"line":138},"5":{"name":"myTicketsOfMatch","decl":{"start":{"line":159,"column":15},"end":{"line":159,"column":31}},"loc":{"start":{"line":159,"column":48},"end":{"line":170,"column":1}},"line":159}},"branchMap":{"0":{"loc":{"start":{"line":17,"column":42},"end":{"line":17,"column":54}},"type":"default-arg","locations":[{"start":{"line":17,"column":53},"end":{"line":17,"column":54}}],"line":17},"1":{"loc":{"start":{"line":22,"column":4},"end":{"line":26,"column":5}},"type":"if","locations":[{"start":{"line":22,"column":4},"end":{"line":26,"column":5}},{"start":{"line":22,"column":4},"end":{"line":26,"column":5}}],"line":22},"2":{"loc":{"start":{"line":44,"column":8},"end":{"line":55,"column":9}},"type":"if","locations":[{"start":{"line":44,"column":8},"end":{"line":55,"column":9}},{"start":{"line":44,"column":8},"end":{"line":55,"column":9}}],"line":44},"3":{"loc":{"start":{"line":44,"column":12},"end":{"line":44,"column":63}},"type":"binary-expr","locations":[{"start":{"line":44,"column":12},"end":{"line":44,"column":18}},{"start":{"line":44,"column":22},"end":{"line":44,"column":46}},{"start":{"line":44,"column":50},"end":{"line":44,"column":63}}],"line":44},"4":{"loc":{"start":{"line":74,"column":8},"end":{"line":101,"column":9}},"type":"if","locations":[{"start":{"line":74,"column":8},"end":{"line":101,"column":9}},{"start":{"line":74,"column":8},"end":{"line":101,"column":9}}],"line":74},"5":{"loc":{"start":{"line":74,"column":12},"end":{"line":74,"column":63}},"type":"binary-expr","locations":[{"start":{"line":74,"column":12},"end":{"line":74,"column":18}},{"start":{"line":74,"column":22},"end":{"line":74,"column":46}},{"start":{"line":74,"column":50},"end":{"line":74,"column":63}}],"line":74},"6":{"loc":{"start":{"line":118,"column":8},"end":{"line":124,"column":9}},"type":"if","locations":[{"start":{"line":118,"column":8},"end":{"line":124,"column":9}},{"start":{"line":118,"column":8},"end":{"line":124,"column":9}}],"line":118}},"s":{"0":9,"1":9,"2":9,"3":9,"4":9,"5":237,"6":237,"7":237,"8":236,"9":215,"10":21,"11":236,"12":116,"13":116,"14":115,"15":114,"16":114,"17":114,"18":114,"19":1,"20":2,"21":101,"22":101,"23":101,"24":101,"25":101,"26":101,"27":101,"28":606,"29":606,"30":606,"31":606,"32":101,"33":0,"34":0,"35":3,"36":3,"37":3,"38":3,"39":3,"40":0,"41":0,"42":2,"43":2,"44":2,"45":2,"46":0,"47":3,"48":3,"49":3,"50":3,"51":0,"52":9},"f":{"0":237,"1":116,"2":101,"3":3,"4":2,"5":3},"b":{"0":[20],"1":[215,21],"2":[114,1],"3":[115,114,114],"4":[101,0],"5":[101,101,101],"6":[3,0]},"_coverageSchema":"1a1c01bbd47fc00a2c39e90264f33305004495a9","hash":"357aaf2b52c2f29c9cda6eedf789217754a71de0"}
,"F:\\02-proyectos personales\\api_bingo_mongo_v001\\src\\controller\\userController.js": {"path":"F:\\02-proyectos personales\\api_bingo_mongo_v001\\src\\controller\\userController.js","statementMap":{"0":{"start":{"line":1,"column":22},"end":{"line":1,"column":52}},"1":{"start":{"line":2,"column":12},"end":{"line":2,"column":35}},"2":{"start":{"line":3,"column":19},"end":{"line":3,"column":42}},"3":{"start":{"line":4,"column":15},"end":{"line":4,"column":34}},"4":{"start":{"line":17,"column":4},"end":{"line":47,"column":5}},"5":{"start":{"line":19,"column":8},"end":{"line":19,"column":70}},"6":{"start":{"line":19,"column":23},"end":{"line":19,"column":70}},"7":{"start":{"line":21,"column":8},"end":{"line":21,"column":70}},"8":{"start":{"line":21,"column":23},"end":{"line":21,"column":70}},"9":{"start":{"line":23,"column":21},"end":{"line":26,"column":10}},"10":{"start":{"line":28,"column":22},"end":{"line":28,"column":63}},"11":{"start":{"line":30,"column":8},"end":{"line":44,"column":9}},"12":{"start":{"line":32,"column":12},"end":{"line":32,"column":65}},"13":{"start":{"line":34,"column":12},"end":{"line":34,"column":29}},"14":{"start":{"line":36,"column":26},"end":{"line":36,"column":66}},"15":{"start":{"line":38,"column":12},"end":{"line":38,"column":56}},"16":{"start":{"line":42,"column":12},"end":{"line":42,"column":53}},"17":{"start":{"line":46,"column":8},"end":{"line":46,"column":16}},"18":{"start":{"line":59,"column":4},"end":{"line":73,"column":5}},"19":{"start":{"line":60,"column":21},"end":{"line":60,"column":83}},"20":{"start":{"line":61,"column":8},"end":{"line":61,"column":68}},"21":{"start":{"line":61,"column":19},"end":{"line":61,"column":68}},"22":{"start":{"line":63,"column":8},"end":{"line":63,"column":64}},"23":{"start":{"line":65,"column":8},"end":{"line":65,"column":68}},"24":{"start":{"line":65,"column":19},"end":{"line":65,"column":68}},"25":{"start":{"line":67,"column":22},"end":{"line":67,"column":62}},"26":{"start":{"line":69,"column":8},"end":{"line":69,"column":52}},"27":{"start":{"line":72,"column":8},"end":{"line":72,"column":16}},"28":{"start":{"line":76,"column":0},"end":{"line":76,"column":40}}},"fnMap":{"0":{"name":"createUser","decl":{"start":{"line":15,"column":15},"end":{"line":15,"column":25}},"loc":{"start":{"line":15,"column":46},"end":{"line":48,"column":1}},"line":15},"1":{"name":"getUser","decl":{"start":{"line":58,"column":15},"end":{"line":58,"column":22}},"loc":{"start":{"line":58,"column":39},"end":{"line":74,"column":1}},"line":58}},"branchMap":{"0":{"loc":{"start":{"line":19,"column":8},"end":{"line":19,"column":70}},"type":"if","locations":[{"start":{"line":19,"column":8},"end":{"line":19,"column":70}},{"start":{"line":19,"column":8},"end":{"line":19,"column":70}}],"line":19},"1":{"loc":{"start":{"line":21,"column":8},"end":{"line":21,"column":70}},"type":"if","locations":[{"start":{"line":21,"column":8},"end":{"line":21,"column":70}},{"start":{"line":21,"column":8},"end":{"line":21,"column":70}}],"line":21},"2":{"loc":{"start":{"line":30,"column":8},"end":{"line":44,"column":9}},"type":"if","locations":[{"start":{"line":30,"column":8},"end":{"line":44,"column":9}},{"start":{"line":30,"column":8},"end":{"line":44,"column":9}}],"line":30},"3":{"loc":{"start":{"line":61,"column":8},"end":{"line":61,"column":68}},"type":"if","locations":[{"start":{"line":61,"column":8},"end":{"line":61,"column":68}},{"start":{"line":61,"column":8},"end":{"line":61,"column":68}}],"line":61},"4":{"loc":{"start":{"line":65,"column":8},"end":{"line":65,"column":68}},"type":"if","locations":[{"start":{"line":65,"column":8},"end":{"line":65,"column":68}},{"start":{"line":65,"column":8},"end":{"line":65,"column":68}}],"line":65}},"s":{"0":10,"1":10,"2":10,"3":10,"4":84,"5":84,"6":2,"7":82,"8":1,"9":81,"10":81,"11":81,"12":78,"13":78,"14":78,"15":78,"16":3,"17":6,"18":7,"19":7,"20":7,"21":3,"22":4,"23":4,"24":1,"25":3,"26":3,"27":4,"28":10},"f":{"0":84,"1":7},"b":{"0":[2,82],"1":[1,81],"2":[78,3],"3":[3,4],"4":[1,3]},"_coverageSchema":"1a1c01bbd47fc00a2c39e90264f33305004495a9","hash":"59c9f083afb44cae0828b9bb11fbec54b3d0607d"}
,"F:\\02-proyectos personales\\api_bingo_mongo_v001\\src\\models\\demandTicketModel.js": {"path":"F:\\02-proyectos personales\\api_bingo_mongo_v001\\src\\models\\demandTicketModel.js","statementMap":{"0":{"start":{"line":1,"column":26},"end":{"line":1,"column":45}},"1":{"start":{"line":3,"column":21},"end":{"line":9,"column":24}},"2":{"start":{"line":11,"column":26},"end":{"line":11,"column":61}},"3":{"start":{"line":13,"column":0},"end":{"line":13,"column":52}}},"fnMap":{},"branchMap":{},"s":{"0":10,"1":10,"2":10,"3":10},"f":{},"b":{},"_coverageSchema":"1a1c01bbd47fc00a2c39e90264f33305004495a9","hash":"195052137947f85b735339217fb143a31439f053"}
,"F:\\02-proyectos personales\\api_bingo_mongo_v001\\src\\models\\matchModel.js": {"path":"F:\\02-proyectos personales\\api_bingo_mongo_v001\\src\\models\\matchModel.js","statementMap":{"0":{"start":{"line":1,"column":26},"end":{"line":1,"column":45}},"1":{"start":{"line":3,"column":20},"end":{"line":8,"column":24}},"2":{"start":{"line":10,"column":19},"end":{"line":10,"column":46}},"3":{"start":{"line":12,"column":0},"end":{"line":12,"column":44}}},"fnMap":{},"branchMap":{},"s":{"0":10,"1":10,"2":10,"3":10},"f":{},"b":{},"_coverageSchema":"1a1c01bbd47fc00a2c39e90264f33305004495a9","hash":"2c130b6974a9d13623316eca5cfdb23ad9f49258"}
,"F:\\02-proyectos personales\\api_bingo_mongo_v001\\src\\models\\playGameModel.js": {"path":"F:\\02-proyectos personales\\api_bingo_mongo_v001\\src\\models\\playGameModel.js","statementMap":{"0":{"start":{"line":1,"column":26},"end":{"line":1,"column":45}},"1":{"start":{"line":4,"column":23},"end":{"line":13,"column":24}},"2":{"start":{"line":16,"column":22},"end":{"line":16,"column":55}},"3":{"start":{"line":18,"column":0},"end":{"line":18,"column":50}}},"fnMap":{},"branchMap":{},"s":{"0":10,"1":10,"2":10,"3":10},"f":{},"b":{},"_coverageSchema":"1a1c01bbd47fc00a2c39e90264f33305004495a9","hash":"6f4c6259320c0a8c816e1cdbccff7cc82e117d7d"}
,"F:\\02-proyectos personales\\api_bingo_mongo_v001\\src\\models\\ticketModel.js": {"path":"F:\\02-proyectos personales\\api_bingo_mongo_v001\\src\\models\\ticketModel.js","statementMap":{"0":{"start":{"line":1,"column":26},"end":{"line":1,"column":45}},"1":{"start":{"line":4,"column":21},"end":{"line":10,"column":24}},"2":{"start":{"line":13,"column":4},"end":{"line":13,"column":56}},"3":{"start":{"line":25,"column":4},"end":{"line":34,"column":5}},"4":{"start":{"line":26,"column":23},"end":{"line":26,"column":25}},"5":{"start":{"line":27,"column":8},"end":{"line":32,"column":9}},"6":{"start":{"line":28,"column":24},"end":{"line":28,"column":51}},"7":{"start":{"line":29,"column":12},"end":{"line":29,"column":40}},"8":{"start":{"line":31,"column":12},"end":{"line":31,"column":35}},"9":{"start":{"line":33,"column":8},"end":{"line":33,"column":38}},"10":{"start":{"line":35,"column":17},"end":{"line":35,"column":32}},"11":{"start":{"line":36,"column":27},"end":{"line":36,"column":33}},"12":{"start":{"line":37,"column":4},"end":{"line":37,"column":39}},"13":{"start":{"line":45,"column":0},"end":{"line":53,"column":1}},"14":{"start":{"line":46,"column":17},"end":{"line":46,"column":19}},"15":{"start":{"line":47,"column":26},"end":{"line":47,"column":28}},"16":{"start":{"line":48,"column":4},"end":{"line":50,"column":5}},"17":{"start":{"line":49,"column":8},"end":{"line":49,"column":22}},"18":{"start":{"line":51,"column":21},"end":{"line":51,"column":59}},"19":{"start":{"line":52,"column":4},"end":{"line":52,"column":17}},"20":{"start":{"line":60,"column":0},"end":{"line":75,"column":1}},"21":{"start":{"line":61,"column":17},"end":{"line":61,"column":19}},"22":{"start":{"line":62,"column":22},"end":{"line":62,"column":24}},"23":{"start":{"line":63,"column":4},"end":{"line":65,"column":5}},"24":{"start":{"line":64,"column":8},"end":{"line":64,"column":22}},"25":{"start":{"line":66,"column":4},"end":{"line":72,"column":5}},"26":{"start":{"line":67,"column":30},"end":{"line":67,"column":32}},"27":{"start":{"line":68,"column":43},"end":{"line":68,"column":81}},"28":{"start":{"line":70,"column":8},"end":{"line":70,"column":33}},"29":{"start":{"line":71,"column":8},"end":{"line":71,"column":32}},"30":{"start":{"line":73,"column":4},"end":{"line":73,"column":22}},"31":{"start":{"line":77,"column":20},"end":{"line":77,"column":50}},"32":{"start":{"line":79,"column":0},"end":{"line":79,"column":46}}},"fnMap":{"0":{"name":"randomInt","decl":{"start":{"line":12,"column":9},"end":{"line":12,"column":18}},"loc":{"start":{"line":12,"column":29},"end":{"line":14,"column":1}},"line":12},"1":{"name":"selectNumbers","decl":{"start":{"line":24,"column":9},"end":{"line":24,"column":22}},"loc":{"start":{"line":24,"column":48},"end":{"line":38,"column":1}},"line":24},"2":{"name":"(anonymous_2)","decl":{"start":{"line":45,"column":37},"end":{"line":45,"column":38}},"loc":{"start":{"line":45,"column":43},"end":{"line":53,"column":1}},"line":45},"3":{"name":"(anonymous_3)","decl":{"start":{"line":60,"column":44},"end":{"line":60,"column":45}},"loc":{"start":{"line":60,"column":50},"end":{"line":75,"column":1}},"line":60}},"branchMap":{},"s":{"0":10,"1":10,"2":10905,"3":727,"4":2181,"5":2181,"6":10905,"7":10905,"8":10905,"9":2181,"10":727,"11":727,"12":727,"13":10,"14":115,"15":115,"16":115,"17":10350,"18":115,"19":115,"20":10,"21":102,"22":102,"23":102,"24":9180,"25":102,"26":612,"27":612,"28":612,"29":612,"30":102,"31":10,"32":10},"f":{"0":10905,"1":727,"2":115,"3":102},"b":{},"_coverageSchema":"1a1c01bbd47fc00a2c39e90264f33305004495a9","hash":"5dae47990e3a9c23a00616cf8f7d54477b94ba03"}
,"F:\\02-proyectos personales\\api_bingo_mongo_v001\\src\\models\\userModel.js": {"path":"F:\\02-proyectos personales\\api_bingo_mongo_v001\\src\\models\\userModel.js","statementMap":{"0":{"start":{"line":1,"column":34},"end":{"line":1,"column":53}},"1":{"start":{"line":2,"column":15},"end":{"line":2,"column":34}},"2":{"start":{"line":5,"column":19},"end":{"line":8,"column":24}},"3":{"start":{"line":10,"column":0},"end":{"line":13,"column":1}},"4":{"start":{"line":11,"column":17},"end":{"line":11,"column":41}},"5":{"start":{"line":12,"column":4},"end":{"line":12,"column":40}},"6":{"start":{"line":16,"column":0},"end":{"line":22,"column":1}},"7":{"start":{"line":18,"column":20},"end":{"line":18,"column":67}},"8":{"start":{"line":20,"column":4},"end":{"line":20,"column":21}},"9":{"start":{"line":24,"column":18},"end":{"line":24,"column":44}},"10":{"start":{"line":26,"column":0},"end":{"line":26,"column":42}}},"fnMap":{"0":{"name":"(anonymous_0)","decl":{"start":{"line":10,"column":33},"end":{"line":10,"column":34}},"loc":{"start":{"line":10,"column":48},"end":{"line":13,"column":1}},"line":10},"1":{"name":"(anonymous_1)","decl":{"start":{"line":16,"column":37},"end":{"line":16,"column":38}},"loc":{"start":{"line":16,"column":56},"end":{"line":22,"column":1}},"line":16}},"branchMap":{},"s":{"0":10,"1":10,"2":10,"3":10,"4":78,"5":78,"6":10,"7":81,"8":81,"9":10,"10":10},"f":{"0":78,"1":81},"b":{},"_coverageSchema":"1a1c01bbd47fc00a2c39e90264f33305004495a9","hash":"7b9232b1afb2cda057dc7a71a83b8aa14454cbcd"}
,"F:\\02-proyectos personales\\api_bingo_mongo_v001\\src\\routes\\demandTicketRoutes.js": {"path":"F:\\02-proyectos personales\\api_bingo_mongo_v001\\src\\routes\\demandTicketRoutes.js","statementMap":{"0":{"start":{"line":1,"column":19},"end":{"line":1,"column":37}},"1":{"start":{"line":2,"column":21},"end":{"line":2,"column":29}},"2":{"start":{"line":3,"column":57},"end":{"line":3,"column":104}},"3":{"start":{"line":5,"column":0},"end":{"line":15,"column":2}},"4":{"start":{"line":6,"column":47},"end":{"line":6,"column":55}},"5":{"start":{"line":7,"column":18},"end":{"line":7,"column":56}},"6":{"start":{"line":8,"column":4},"end":{"line":14,"column":5}},"7":{"start":{"line":9,"column":21},"end":{"line":9,"column":82}},"8":{"start":{"line":10,"column":8},"end":{"line":10,"column":68}},"9":{"start":{"line":13,"column":8},"end":{"line":13,"column":31}},"10":{"start":{"line":17,"column":0},"end":{"line":28,"column":2}},"11":{"start":{"line":18,"column":36},"end":{"line":18,"column":44}},"12":{"start":{"line":19,"column":18},"end":{"line":19,"column":56}},"13":{"start":{"line":20,"column":4},"end":{"line":27,"column":5}},"14":{"start":{"line":21,"column":22},"end":{"line":21,"column":68}},"15":{"start":{"line":23,"column":8},"end":{"line":23,"column":73}},"16":{"start":{"line":26,"column":8},"end":{"line":26,"column":31}},"17":{"start":{"line":30,"column":0},"end":{"line":41,"column":2}},"18":{"start":{"line":31,"column":26},"end":{"line":31,"column":34}},"19":{"start":{"line":32,"column":18},"end":{"line":32,"column":56}},"20":{"start":{"line":33,"column":4},"end":{"line":40,"column":5}},"21":{"start":{"line":34,"column":21},"end":{"line":34,"column":57}},"22":{"start":{"line":36,"column":8},"end":{"line":36,"column":49}},"23":{"start":{"line":39,"column":8},"end":{"line":39,"column":31}},"24":{"start":{"line":42,"column":0},"end":{"line":42,"column":29}}},"fnMap":{"0":{"name":"(anonymous_0)","decl":{"start":{"line":5,"column":32},"end":{"line":5,"column":33}},"loc":{"start":{"line":5,"column":51},"end":{"line":15,"column":1}},"line":5},"1":{"name":"(anonymous_1)","decl":{"start":{"line":17,"column":34},"end":{"line":17,"column":35}},"loc":{"start":{"line":17,"column":53},"end":{"line":28,"column":1}},"line":17},"2":{"name":"(anonymous_2)","decl":{"start":{"line":30,"column":35},"end":{"line":30,"column":36}},"loc":{"start":{"line":30,"column":54},"end":{"line":41,"column":1}},"line":30}},"branchMap":{"0":{"loc":{"start":{"line":7,"column":18},"end":{"line":7,"column":56}},"type":"binary-expr","locations":[{"start":{"line":7,"column":18},"end":{"line":7,"column":32}},{"start":{"line":7,"column":36},"end":{"line":7,"column":56}}],"line":7},"1":{"loc":{"start":{"line":19,"column":18},"end":{"line":19,"column":56}},"type":"binary-expr","locations":[{"start":{"line":19,"column":18},"end":{"line":19,"column":32}},{"start":{"line":19,"column":36},"end":{"line":19,"column":56}}],"line":19},"2":{"loc":{"start":{"line":32,"column":18},"end":{"line":32,"column":56}},"type":"binary-expr","locations":[{"start":{"line":32,"column":18},"end":{"line":32,"column":32}},{"start":{"line":32,"column":36},"end":{"line":32,"column":56}}],"line":32}},"s":{"0":5,"1":5,"2":5,"3":5,"4":3,"5":3,"6":3,"7":3,"8":3,"9":0,"10":5,"11":1,"12":1,"13":1,"14":1,"15":1,"16":0,"17":5,"18":1,"19":1,"20":1,"21":1,"22":1,"23":0,"24":5},"f":{"0":3,"1":1,"2":1},"b":{"0":[3,3],"1":[1,1],"2":[1,1]},"_coverageSchema":"1a1c01bbd47fc00a2c39e90264f33305004495a9","hash":"932e90173f232df8163f9098770f1d1e9a3ba629"}
,"F:\\02-proyectos personales\\api_bingo_mongo_v001\\src\\routes\\homeRoutes.js": {"path":"F:\\02-proyectos personales\\api_bingo_mongo_v001\\src\\routes\\homeRoutes.js","statementMap":{"0":{"start":{"line":1,"column":19},"end":{"line":1,"column":37}},"1":{"start":{"line":2,"column":19},"end":{"line":2,"column":27}},"2":{"start":{"line":3,"column":55},"end":{"line":3,"column":95}},"3":{"start":{"line":4,"column":28},"end":{"line":4,"column":69}},"4":{"start":{"line":5,"column":30},"end":{"line":5,"column":77}},"5":{"start":{"line":7,"column":0},"end":{"line":22,"column":2}},"6":{"start":{"line":8,"column":18},"end":{"line":8,"column":56}},"7":{"start":{"line":9,"column":4},"end":{"line":20,"column":5}},"8":{"start":{"line":11,"column":23},"end":{"line":11,"column":45}},"9":{"start":{"line":12,"column":25},"end":{"line":12,"column":51}},"10":{"start":{"line":13,"column":25},"end":{"line":13,"column":53}},"11":{"start":{"line":14,"column":24},"end":{"line":14,"column":54}},"12":{"start":{"line":15,"column":29},"end":{"line":15,"column":58}},"13":{"start":{"line":17,"column":8},"end":{"line":17,"column":93}},"14":{"start":{"line":19,"column":8},"end":{"line":19,"column":31}},"15":{"start":{"line":25,"column":0},"end":{"line":25,"column":27}}},"fnMap":{"0":{"name":"(anonymous_0)","decl":{"start":{"line":7,"column":20},"end":{"line":7,"column":21}},"loc":{"start":{"line":7,"column":39},"end":{"line":22,"column":1}},"line":7}},"branchMap":{"0":{"loc":{"start":{"line":8,"column":18},"end":{"line":8,"column":56}},"type":"binary-expr","locations":[{"start":{"line":8,"column":18},"end":{"line":8,"column":32}},{"start":{"line":8,"column":36},"end":{"line":8,"column":56}}],"line":8}},"s":{"0":5,"1":5,"2":5,"3":5,"4":5,"5":5,"6":1,"7":1,"8":1,"9":1,"10":1,"11":1,"12":1,"13":1,"14":0,"15":5},"f":{"0":1},"b":{"0":[1,1]},"_coverageSchema":"1a1c01bbd47fc00a2c39e90264f33305004495a9","hash":"a0595daf2863de19fadf5c9f67350243347d3802"}
,"F:\\02-proyectos personales\\api_bingo_mongo_v001\\src\\routes\\matchRoutes.js": {"path":"F:\\02-proyectos personales\\api_bingo_mongo_v001\\src\\routes\\matchRoutes.js","statementMap":{"0":{"start":{"line":1,"column":19},"end":{"line":1,"column":37}},"1":{"start":{"line":2,"column":20},"end":{"line":2,"column":28}},"2":{"start":{"line":3,"column":34},"end":{"line":3,"column":74}},"3":{"start":{"line":4,"column":23},"end":{"line":4,"column":50}},"4":{"start":{"line":7,"column":0},"end":{"line":17,"column":2}},"5":{"start":{"line":8,"column":34},"end":{"line":8,"column":42}},"6":{"start":{"line":9,"column":18},"end":{"line":9,"column":56}},"7":{"start":{"line":11,"column":19},"end":{"line":11,"column":62}},"8":{"start":{"line":12,"column":4},"end":{"line":16,"column":5}},"9":{"start":{"line":13,"column":8},"end":{"line":13,"column":38}},"10":{"start":{"line":15,"column":8},"end":{"line":15,"column":38}},"11":{"start":{"line":19,"column":0},"end":{"line":29,"column":2}},"12":{"start":{"line":20,"column":24},"end":{"line":20,"column":32}},"13":{"start":{"line":21,"column":18},"end":{"line":21,"column":56}},"14":{"start":{"line":22,"column":19},"end":{"line":22,"column":49}},"15":{"start":{"line":23,"column":4},"end":{"line":27,"column":5}},"16":{"start":{"line":24,"column":8},"end":{"line":24,"column":38}},"17":{"start":{"line":26,"column":8},"end":{"line":26,"column":38}},"18":{"start":{"line":32,"column":0},"end":{"line":32,"column":36}},"19":{"start":{"line":34,"column":0},"end":{"line":34,"column":28}}},"fnMap":{"0":{"name":"(anonymous_0)","decl":{"start":{"line":7,"column":30},"end":{"line":7,"column":31}},"loc":{"start":{"line":7,"column":49},"end":{"line":17,"column":1}},"line":7},"1":{"name":"(anonymous_1)","decl":{"start":{"line":19,"column":29},"end":{"line":19,"column":30}},"loc":{"start":{"line":19,"column":48},"end":{"line":29,"column":1}},"line":19}},"branchMap":{"0":{"loc":{"start":{"line":9,"column":18},"end":{"line":9,"column":56}},"type":"binary-expr","locations":[{"start":{"line":9,"column":18},"end":{"line":9,"column":32}},{"start":{"line":9,"column":36},"end":{"line":9,"column":56}}],"line":9},"1":{"loc":{"start":{"line":12,"column":4},"end":{"line":16,"column":5}},"type":"if","locations":[{"start":{"line":12,"column":4},"end":{"line":16,"column":5}},{"start":{"line":12,"column":4},"end":{"line":16,"column":5}}],"line":12},"2":{"loc":{"start":{"line":21,"column":18},"end":{"line":21,"column":56}},"type":"binary-expr","locations":[{"start":{"line":21,"column":18},"end":{"line":21,"column":32}},{"start":{"line":21,"column":36},"end":{"line":21,"column":56}}],"line":21},"3":{"loc":{"start":{"line":23,"column":4},"end":{"line":27,"column":5}},"type":"if","locations":[{"start":{"line":23,"column":4},"end":{"line":27,"column":5}},{"start":{"line":23,"column":4},"end":{"line":27,"column":5}}],"line":23}},"s":{"0":5,"1":5,"2":5,"3":5,"4":5,"5":3,"6":3,"7":3,"8":3,"9":3,"10":0,"11":5,"12":1,"13":1,"14":1,"15":1,"16":1,"17":0,"18":5,"19":5},"f":{"0":3,"1":1},"b":{"0":[3,3],"1":[3,0],"2":[1,1],"3":[1,0]},"_coverageSchema":"1a1c01bbd47fc00a2c39e90264f33305004495a9","hash":"eda56695a18ebcfe1928076650fcb50849f51053"}
,"F:\\02-proyectos personales\\api_bingo_mongo_v001\\src\\routes\\playGameRoutes.js": {"path":"F:\\02-proyectos personales\\api_bingo_mongo_v001\\src\\routes\\playGameRoutes.js","statementMap":{"0":{"start":{"line":1,"column":19},"end":{"line":1,"column":37}},"1":{"start":{"line":2,"column":23},"end":{"line":2,"column":31}},"2":{"start":{"line":3,"column":24},"end":{"line":3,"column":67}},"3":{"start":{"line":5,"column":0},"end":{"line":15,"column":2}},"4":{"start":{"line":6,"column":22},"end":{"line":6,"column":30}},"5":{"start":{"line":7,"column":18},"end":{"line":7,"column":56}},"6":{"start":{"line":8,"column":4},"end":{"line":14,"column":5}},"7":{"start":{"line":9,"column":23},"end":{"line":9,"column":54}},"8":{"start":{"line":10,"column":8},"end":{"line":10,"column":48}},"9":{"start":{"line":12,"column":8},"end":{"line":12,"column":22}},"10":{"start":{"line":13,"column":8},"end":{"line":13,"column":63}},"11":{"start":{"line":17,"column":0},"end":{"line":17,"column":31}}},"fnMap":{"0":{"name":"(anonymous_0)","decl":{"start":{"line":5,"column":33},"end":{"line":5,"column":34}},"loc":{"start":{"line":5,"column":52},"end":{"line":15,"column":1}},"line":5}},"branchMap":{"0":{"loc":{"start":{"line":7,"column":18},"end":{"line":7,"column":56}},"type":"binary-expr","locations":[{"start":{"line":7,"column":18},"end":{"line":7,"column":32}},{"start":{"line":7,"column":36},"end":{"line":7,"column":56}}],"line":7}},"s":{"0":5,"1":5,"2":5,"3":5,"4":1,"5":1,"6":1,"7":1,"8":1,"9":0,"10":0,"11":5},"f":{"0":1},"b":{"0":[1,1]},"_coverageSchema":"1a1c01bbd47fc00a2c39e90264f33305004495a9","hash":"503ddb1363e6156c56ba1427ecbebefeff01e520"}
,"F:\\02-proyectos personales\\api_bingo_mongo_v001\\src\\routes\\userRoutes.js": {"path":"F:\\02-proyectos personales\\api_bingo_mongo_v001\\src\\routes\\userRoutes.js","statementMap":{"0":{"start":{"line":1,"column":19},"end":{"line":1,"column":37}},"1":{"start":{"line":2,"column":19},"end":{"line":2,"column":27}},"2":{"start":{"line":3,"column":32},"end":{"line":3,"column":71}},"3":{"start":{"line":6,"column":0},"end":{"line":14,"column":2}},"4":{"start":{"line":7,"column":35},"end":{"line":7,"column":43}},"5":{"start":{"line":8,"column":21},"end":{"line":8,"column":57}},"6":{"start":{"line":9,"column":4},"end":{"line":13,"column":5}},"7":{"start":{"line":10,"column":8},"end":{"line":10,"column":38}},"8":{"start":{"line":12,"column":8},"end":{"line":12,"column":59}},"9":{"start":{"line":17,"column":0},"end":{"line":28,"column":2}},"10":{"start":{"line":18,"column":35},"end":{"line":18,"column":43}},"11":{"start":{"line":20,"column":21},"end":{"line":20,"column":54}},"12":{"start":{"line":22,"column":4},"end":{"line":26,"column":5}},"13":{"start":{"line":23,"column":8},"end":{"line":23,"column":38}},"14":{"start":{"line":25,"column":8},"end":{"line":25,"column":59}},"15":{"start":{"line":30,"column":0},"end":{"line":30,"column":27}}},"fnMap":{"0":{"name":"(anonymous_0)","decl":{"start":{"line":6,"column":27},"end":{"line":6,"column":28}},"loc":{"start":{"line":6,"column":46},"end":{"line":14,"column":1}},"line":6},"1":{"name":"(anonymous_1)","decl":{"start":{"line":17,"column":26},"end":{"line":17,"column":27}},"loc":{"start":{"line":17,"column":45},"end":{"line":28,"column":1}},"line":17}},"branchMap":{"0":{"loc":{"start":{"line":9,"column":4},"end":{"line":13,"column":5}},"type":"if","locations":[{"start":{"line":9,"column":4},"end":{"line":13,"column":5}},{"start":{"line":9,"column":4},"end":{"line":13,"column":5}}],"line":9},"1":{"loc":{"start":{"line":22,"column":4},"end":{"line":26,"column":5}},"type":"if","locations":[{"start":{"line":22,"column":4},"end":{"line":26,"column":5}},{"start":{"line":22,"column":4},"end":{"line":26,"column":5}}],"line":22}},"s":{"0":5,"1":5,"2":5,"3":5,"4":14,"5":14,"6":14,"7":11,"8":3,"9":5,"10":4,"11":4,"12":4,"13":2,"14":2,"15":5},"f":{"0":14,"1":4},"b":{"0":[11,3],"1":[2,2]},"_coverageSchema":"1a1c01bbd47fc00a2c39e90264f33305004495a9","hash":"1dd8bd28aac1d579f4c7462c6ea55cd043fd6f7e"}
}
