{"F:\\02-proyectos personales\\api_bingo_mongo_v001\\__test__\\bundle.js": {"path":"F:\\02-proyectos personales\\api_bingo_mongo_v001\\__test__\\bundle.js","statementMap":{"0":{"start":{"line":1,"column":22},"end":{"line":1,"column":56}},"1":{"start":{"line":2,"column":21},"end":{"line":2,"column":45}},"2":{"start":{"line":3,"column":20},"end":{"line":3,"column":46}},"3":{"start":{"line":5,"column":0},"end":{"line":7,"column":11}}},"fnMap":{},"branchMap":{},"s":{"0":1,"1":1,"2":1,"3":1},"f":{},"b":{},"_coverageSchema":"1a1c01bbd47fc00a2c39e90264f33305004495a9","hash":"f996fd189656b71aa5ad9fe414818498f9ba496b"}
,"F:\\02-proyectos personales\\api_bingo_mongo_v001\\src\\database.js": {"path":"F:\\02-proyectos personales\\api_bingo_mongo_v001\\src\\database.js","statementMap":{"0":{"start":{"line":1,"column":17},"end":{"line":1,"column":36}},"1":{"start":{"line":2,"column":35},"end":{"line":2,"column":57}},"2":{"start":{"line":5,"column":16},"end":{"line":26,"column":2}},"3":{"start":{"line":5,"column":22},"end":{"line":26,"column":2}},"4":{"start":{"line":7,"column":4},"end":{"line":7,"column":41}},"5":{"start":{"line":8,"column":4},"end":{"line":8,"column":43}},"6":{"start":{"line":9,"column":4},"end":{"line":9,"column":40}},"7":{"start":{"line":10,"column":4},"end":{"line":10,"column":44}},"8":{"start":{"line":12,"column":4},"end":{"line":16,"column":7}},"9":{"start":{"line":13,"column":8},"end":{"line":13,"column":41}},"10":{"start":{"line":15,"column":8},"end":{"line":15,"column":18}},"11":{"start":{"line":18,"column":4},"end":{"line":25,"column":5}},"12":{"start":{"line":20,"column":8},"end":{"line":20,"column":53}},"13":{"start":{"line":21,"column":8},"end":{"line":21,"column":89}},"14":{"start":{"line":24,"column":8},"end":{"line":24,"column":17}},"15":{"start":{"line":28,"column":0},"end":{"line":28,"column":28}}},"fnMap":{"0":{"name":"(anonymous_0)","decl":{"start":{"line":5,"column":16},"end":{"line":5,"column":17}},"loc":{"start":{"line":5,"column":22},"end":{"line":26,"column":2}},"line":5},"1":{"name":"(anonymous_1)","decl":{"start":{"line":5,"column":34},"end":{"line":5,"column":35}},"loc":{"start":{"line":5,"column":55},"end":{"line":26,"column":1}},"line":5},"2":{"name":"(anonymous_2)","decl":{"start":{"line":12,"column":40},"end":{"line":12,"column":41}},"loc":{"start":{"line":12,"column":46},"end":{"line":16,"column":5}},"line":12}},"branchMap":{},"s":{"0":1,"1":1,"2":1,"3":1,"4":1,"5":1,"6":1,"7":1,"8":1,"9":1,"10":1,"11":1,"12":1,"13":1,"14":0,"15":1},"f":{"0":1,"1":1,"2":1},"b":{},"_coverageSchema":"1a1c01bbd47fc00a2c39e90264f33305004495a9","hash":"156cff8585101d6b69ebdfad39104bd33d08e9cd"}
,"F:\\02-proyectos personales\\api_bingo_mongo_v001\\src\\envConfig.js": {"path":"F:\\02-proyectos personales\\api_bingo_mongo_v001\\src\\envConfig.js","statementMap":{"0":{"start":{"line":1,"column":0},"end":{"line":9,"column":1}}},"fnMap":{},"branchMap":{},"s":{"0":1},"f":{},"b":{},"_coverageSchema":"1a1c01bbd47fc00a2c39e90264f33305004495a9","hash":"3f32c2874b7676a3358e91ac9f838d1765631f38"}
,"F:\\02-proyectos personales\\api_bingo_mongo_v001\\src\\controller\\userController.js": {"path":"F:\\02-proyectos personales\\api_bingo_mongo_v001\\src\\controller\\userController.js","statementMap":{"0":{"start":{"line":1,"column":22},"end":{"line":1,"column":52}},"1":{"start":{"line":2,"column":12},"end":{"line":2,"column":35}},"2":{"start":{"line":3,"column":19},"end":{"line":3,"column":42}},"3":{"start":{"line":8,"column":17},"end":{"line":12,"column":6}},"4":{"start":{"line":14,"column":4},"end":{"line":36,"column":5}},"5":{"start":{"line":16,"column":22},"end":{"line":16,"column":75}},"6":{"start":{"line":18,"column":8},"end":{"line":32,"column":9}},"7":{"start":{"line":20,"column":12},"end":{"line":20,"column":65}},"8":{"start":{"line":22,"column":12},"end":{"line":22,"column":29}},"9":{"start":{"line":24,"column":26},"end":{"line":24,"column":60}},"10":{"start":{"line":26,"column":12},"end":{"line":26,"column":47}},"11":{"start":{"line":30,"column":12},"end":{"line":30,"column":63}},"12":{"start":{"line":34,"column":8},"end":{"line":34,"column":22}},"13":{"start":{"line":35,"column":8},"end":{"line":35,"column":56}},"14":{"start":{"line":39,"column":0},"end":{"line":39,"column":31}}},"fnMap":{"0":{"name":"createUser","decl":{"start":{"line":6,"column":15},"end":{"line":6,"column":25}},"loc":{"start":{"line":6,"column":53},"end":{"line":37,"column":1}},"line":6}},"branchMap":{"0":{"loc":{"start":{"line":18,"column":8},"end":{"line":32,"column":9}},"type":"if","locations":[{"start":{"line":18,"column":8},"end":{"line":32,"column":9}},{"start":{"line":18,"column":8},"end":{"line":32,"column":9}}],"line":18}},"s":{"0":1,"1":1,"2":1,"3":5,"4":5,"5":5,"6":5,"7":3,"8":2,"9":1,"10":1,"11":2,"12":2,"13":2,"14":1},"f":{"0":5},"b":{"0":[3,2]},"_coverageSchema":"1a1c01bbd47fc00a2c39e90264f33305004495a9","hash":"642e297f7e307d9dd4d6b7636a82dd2ec0651d26"}
,"F:\\02-proyectos personales\\api_bingo_mongo_v001\\src\\models\\userModel.js": {"path":"F:\\02-proyectos personales\\api_bingo_mongo_v001\\src\\models\\userModel.js","statementMap":{"0":{"start":{"line":1,"column":34},"end":{"line":1,"column":53}},"1":{"start":{"line":2,"column":15},"end":{"line":2,"column":34}},"2":{"start":{"line":5,"column":19},"end":{"line":9,"column":24}},"3":{"start":{"line":11,"column":0},"end":{"line":14,"column":1}},"4":{"start":{"line":12,"column":17},"end":{"line":12,"column":41}},"5":{"start":{"line":13,"column":4},"end":{"line":13,"column":34}},"6":{"start":{"line":17,"column":0},"end":{"line":35,"column":1}},"7":{"start":{"line":19,"column":20},"end":{"line":19,"column":67}},"8":{"start":{"line":21,"column":21},"end":{"line":21,"column":65}},"9":{"start":{"line":23,"column":16},"end":{"line":23,"column":30}},"10":{"start":{"line":25,"column":4},"end":{"line":33,"column":5}},"11":{"start":{"line":27,"column":8},"end":{"line":27,"column":19}},"12":{"start":{"line":31,"column":8},"end":{"line":31,"column":20}},"13":{"start":{"line":37,"column":18},"end":{"line":37,"column":44}},"14":{"start":{"line":39,"column":0},"end":{"line":39,"column":42}}},"fnMap":{"0":{"name":"(anonymous_0)","decl":{"start":{"line":11,"column":33},"end":{"line":11,"column":34}},"loc":{"start":{"line":11,"column":48},"end":{"line":14,"column":1}},"line":11},"1":{"name":"(anonymous_1)","decl":{"start":{"line":17,"column":37},"end":{"line":17,"column":38}},"loc":{"start":{"line":17,"column":63},"end":{"line":35,"column":1}},"line":17}},"branchMap":{"0":{"loc":{"start":{"line":25,"column":4},"end":{"line":33,"column":5}},"type":"if","locations":[{"start":{"line":25,"column":4},"end":{"line":33,"column":5}},{"start":{"line":25,"column":4},"end":{"line":33,"column":5}}],"line":25},"1":{"loc":{"start":{"line":25,"column":8},"end":{"line":25,"column":54}},"type":"binary-expr","locations":[{"start":{"line":25,"column":8},"end":{"line":25,"column":25}},{"start":{"line":25,"column":29},"end":{"line":25,"column":39}},{"start":{"line":25,"column":43},"end":{"line":25,"column":54}}],"line":25}},"s":{"0":1,"1":1,"2":1,"3":1,"4":3,"5":3,"6":1,"7":5,"8":5,"9":5,"10":5,"11":3,"12":2,"13":1,"14":1},"f":{"0":3,"1":5},"b":{"0":[3,2],"1":[5,3,3]},"_coverageSchema":"1a1c01bbd47fc00a2c39e90264f33305004495a9","hash":"c3e5214d1f05bcd36ca15e86ecdc9d00f3c13272"}
}
