TN:
SF:__test__\bundle.js
FNF:0
FNH:0
DA:1,5
DA:2,5
DA:3,5
DA:4,5
DA:5,5
DA:7,5
LF:6
LH:6
BRF:0
BRH:0
end_of_record
TN:
SF:src\app.js
FNF:0
FNH:0
DA:1,2
DA:2,2
DA:3,2
DA:4,2
DA:6,2
DA:8,2
DA:9,2
DA:10,2
DA:11,2
DA:13,2
LF:10
LH:10
BRF:0
BRH:0
end_of_record
TN:
SF:src\database.js
FN:5,(anonymous_0)
FN:5,(anonymous_1)
FN:12,(anonymous_2)
FNF:3
FNH:3
FNDA:5,(anonymous_0)
FNDA:5,(anonymous_1)
FNDA:5,(anonymous_2)
DA:1,5
DA:2,5
DA:5,5
DA:7,5
DA:8,5
DA:9,5
DA:10,5
DA:12,5
DA:13,5
DA:16,5
DA:18,5
DA:21,0
DA:25,5
LF:13
LH:12
BRF:0
BRH:0
end_of_record
TN:
SF:src\envConfig.js
FNF:0
FNH:0
DA:1,5
LF:1
LH:1
BRF:0
BRH:0
end_of_record
TN:
SF:src\controller\matchController.js
FN:16,createMatch
FN:50,getMatch
FN:74,myMatches
FNF:3
FNH:3
FNDA:21,createMatch
FNDA:3,getMatch
FNDA:4,myMatches
DA:1,4
DA:2,4
DA:4,4
DA:5,4
DA:18,21
DA:20,21
DA:21,20
DA:23,20
DA:24,20
DA:30,20
DA:32,20
DA:34,0
DA:38,1
DA:52,3
DA:53,3
DA:54,3
DA:55,3
DA:57,2
DA:58,2
DA:60,0
DA:63,1
DA:75,4
DA:76,4
DA:77,3
DA:78,3
DA:80,3
DA:81,3
DA:83,0
DA:86,1
DA:90,4
LF:30
LH:27
BRDA:23,0,0,20
BRDA:23,0,1,0
BRDA:57,1,0,2
BRDA:57,1,1,0
BRDA:57,2,0,2
BRDA:57,2,1,2
BRDA:80,3,0,3
BRDA:80,3,1,0
BRDA:80,4,0,3
BRDA:80,4,1,3
BRF:10
BRH:7
end_of_record
TN:
SF:src\controller\ticketController.js
FN:17,loadModels
FN:41,createTicket
FN:63,createSerie
FN:100,getTicketOfMatch
FN:116,getAllMyTickets
FNF:5
FNH:5
FNDA:16,loadModels
FNDA:11,createTicket
FNDA:4,createSerie
FNDA:1,getTicketOfMatch
FNDA:1,getAllMyTickets
DA:1,1
DA:2,1
DA:3,1
DA:5,1
DA:6,1
DA:18,16
DA:19,16
DA:20,16
DA:22,15
DA:23,13
DA:24,13
DA:26,2
DA:29,15
DA:42,11
DA:43,11
DA:45,10
DA:46,9
DA:50,9
DA:51,9
DA:53,9
DA:55,1
DA:58,1
DA:64,4
DA:65,4
DA:67,4
DA:68,4
DA:72,4
DA:74,4
DA:76,4
DA:78,24
DA:85,24
DA:87,24
DA:89,24
DA:91,4
DA:93,0
DA:96,0
DA:101,1
DA:102,1
DA:103,1
DA:104,1
DA:106,1
DA:108,0
DA:112,0
DA:117,1
DA:118,1
DA:120,1
DA:122,1
DA:125,0
DA:129,1
LF:49
LH:44
BRDA:17,0,0,1
BRDA:22,1,0,13
BRDA:22,1,1,2
BRDA:45,2,0,9
BRDA:45,2,1,1
BRDA:45,3,0,10
BRDA:45,3,1,9
BRDA:45,3,2,9
BRDA:67,4,0,4
BRDA:67,4,1,0
BRDA:67,5,0,4
BRDA:67,5,1,4
BRDA:67,5,2,4
BRDA:103,6,0,1
BRDA:103,6,1,0
BRF:15
BRH:13
end_of_record
TN:
SF:src\controller\userController.js
FN:16,createUser
FN:56,getUser
FNF:2
FNH:2
FNDA:49,createUser
FNDA:7,getUser
DA:1,5
DA:2,5
DA:3,5
DA:4,5
DA:18,49
DA:24,49
DA:26,49
DA:28,49
DA:30,41
DA:32,40
DA:34,39
DA:36,39
DA:40,8
DA:44,2
DA:57,7
DA:58,7
DA:59,7
DA:61,4
DA:62,3
DA:63,3
DA:65,1
DA:68,3
DA:72,5
LF:23
LH:23
BRDA:28,0,0,41
BRDA:28,0,1,8
BRDA:61,1,0,3
BRDA:61,1,1,1
BRDA:61,2,0,4
BRDA:61,2,1,4
BRF:6
BRH:6
end_of_record
TN:
SF:src\models\matchModel.js
FNF:0
FNH:0
DA:1,5
DA:3,5
DA:10,5
DA:12,5
LF:4
LH:4
BRF:0
BRH:0
end_of_record
TN:
SF:src\models\ticketModel.js
FN:11,randomInt
FN:23,selectNumbers
FN:44,(anonymous_2)
FN:59,(anonymous_3)
FNF:4
FNH:4
FNDA:600,randomInt
FNDA:40,selectNumbers
FNDA:10,(anonymous_2)
FNDA:5,(anonymous_3)
DA:1,5
DA:4,5
DA:12,600
DA:24,40
DA:25,120
DA:26,120
DA:27,600
DA:28,600
DA:30,600
DA:32,120
DA:34,40
DA:35,40
DA:36,40
DA:44,5
DA:45,10
DA:46,10
DA:47,10
DA:48,900
DA:50,10
DA:51,10
DA:59,5
DA:60,5
DA:61,5
DA:62,5
DA:63,450
DA:65,5
DA:66,30
DA:67,30
DA:69,30
DA:70,30
DA:72,5
DA:76,5
DA:78,5
LF:33
LH:33
BRF:0
BRH:0
end_of_record
TN:
SF:src\models\userModel.js
FN:11,(anonymous_0)
FN:17,(anonymous_1)
FNF:2
FNH:2
FNDA:41,(anonymous_0)
FNDA:49,(anonymous_1)
DA:1,5
DA:2,5
DA:5,5
DA:11,5
DA:12,41
DA:13,41
DA:17,5
DA:19,49
DA:21,49
DA:23,49
DA:25,49
DA:27,41
DA:31,8
DA:37,5
DA:39,5
LF:15
LH:15
BRDA:25,0,0,41
BRDA:25,0,1,8
BRDA:25,1,0,49
BRDA:25,1,1,45
BRDA:25,1,2,42
BRF:5
BRH:5
end_of_record
TN:
SF:src\routes\matchRoutes.js
FN:7,(anonymous_0)
FN:23,(anonymous_1)
FN:39,(anonymous_2)
FNF:3
FNH:3
FNDA:6,(anonymous_0)
FNDA:1,(anonymous_1)
FNDA:1,(anonymous_2)
DA:1,2
DA:2,2
DA:3,2
DA:4,2
DA:5,2
DA:7,2
DA:8,6
DA:9,6
DA:10,6
DA:11,6
DA:12,6
DA:13,6
DA:15,0
DA:18,0
DA:19,0
DA:23,2
DA:24,1
DA:25,1
DA:26,1
DA:27,1
DA:28,1
DA:29,1
DA:31,0
DA:34,0
DA:35,0
DA:39,2
DA:40,1
DA:41,1
DA:42,1
DA:43,1
DA:44,1
DA:46,0
DA:49,0
DA:50,0
DA:54,2
LF:35
LH:26
BRDA:9,0,0,6
BRDA:9,0,1,6
BRDA:12,1,0,6
BRDA:12,1,1,0
BRDA:25,2,0,1
BRDA:25,2,1,1
BRDA:28,3,0,1
BRDA:28,3,1,0
BRDA:40,4,0,1
BRDA:40,4,1,1
BRDA:43,5,0,1
BRDA:43,5,1,0
BRF:12
BRH:9
end_of_record
TN:
SF:src\routes\userRoutes.js
FN:7,(anonymous_0)
FN:26,(anonymous_1)
FNF:2
FNH:2
FNDA:19,(anonymous_0)
FNDA:4,(anonymous_1)
DA:1,2
DA:2,2
DA:3,2
DA:4,2
DA:5,2
DA:7,2
DA:8,19
DA:9,19
DA:10,19
DA:12,19
DA:13,15
DA:15,4
DA:18,0
DA:19,0
DA:26,2
DA:27,4
DA:28,4
DA:29,4
DA:31,4
DA:32,2
DA:34,2
DA:37,0
DA:38,0
DA:42,2
LF:24
LH:20
BRDA:12,0,0,15
BRDA:12,0,1,4
BRDA:31,1,0,2
BRDA:31,1,1,2
BRF:4
BRH:4
end_of_record
