TN:
SF:__test__\bundle.js
FNF:0
FNH:0
DA:1,1
DA:2,1
DA:3,1
DA:5,1
LF:4
LH:4
BRF:0
BRH:0
end_of_record
TN:
SF:src\database.js
FN:5,(anonymous_0)
FN:5,(anonymous_1)
FN:12,(anonymous_2)
FNF:3
FNH:3
FNDA:1,(anonymous_0)
FNDA:1,(anonymous_1)
FNDA:1,(anonymous_2)
DA:1,1
DA:2,1
DA:5,1
DA:7,1
DA:8,1
DA:9,1
DA:10,1
DA:12,1
DA:13,1
DA:15,1
DA:18,1
DA:20,1
DA:21,1
DA:24,0
DA:28,1
LF:15
LH:14
BRF:0
BRH:0
end_of_record
TN:
SF:src\envConfig.js
FNF:0
FNH:0
DA:1,1
LF:1
LH:1
BRF:0
BRH:0
end_of_record
TN:
SF:src\controller\userController.js
FN:6,createUser
FNF:1
FNH:1
FNDA:5,createUser
DA:1,1
DA:2,1
DA:3,1
DA:8,5
DA:14,5
DA:16,5
DA:18,5
DA:20,3
DA:22,2
DA:24,1
DA:26,1
DA:30,2
DA:34,2
DA:35,2
DA:39,1
LF:15
LH:15
BRDA:18,0,0,3
BRDA:18,0,1,2
BRF:2
BRH:2
end_of_record
TN:
SF:src\models\userModel.js
FN:11,(anonymous_0)
FN:17,(anonymous_1)
FNF:2
FNH:2
FNDA:3,(anonymous_0)
FNDA:5,(anonymous_1)
DA:1,1
DA:2,1
DA:5,1
DA:11,1
DA:12,3
DA:13,3
DA:17,1
DA:19,5
DA:21,5
DA:23,5
DA:25,5
DA:27,3
DA:31,2
DA:37,1
DA:39,1
LF:15
LH:15
BRDA:25,0,0,3
BRDA:25,0,1,2
BRDA:25,1,0,5
BRDA:25,1,1,3
BRDA:25,1,2,3
BRF:5
BRH:5
end_of_record
